<html>
<body>
<pre>
<h1>µVision Build Log</h1>
<h2>Project:</h2>
C:\Users\vivek\VS Code\Lab\Sem4\MC\Basic\Search\Search.uvproj
Project File Date:  07/05/2024

<h2>Output:</h2>
Build target 'Target 1'
assembling Search.asm...
linking...
Program Size: Code=60 RO-data=0 RW-data=0 ZI-data=0  
".\Search.axf" - 0 Error(s), 0 Warning(s).

Area directive missing
Search.asm(2): warning: A1088W: Faking declaration of area AREA |$$$$$$$|
".\Search.axf" - 2 Error(s), 1 Warning(s).
Target not created
warning and 1 error messages.
".\Search.axf" - 1 Error(s), 1 Warning(s).
Target not created
asm(8): error: A1163E: Unknown opcode end_search , expecting opcode or Macro
Search.asm(9): error: A1163E: Unknown opcode R3, , expecting opcode or Macro
Search.asm(10): error: A1163E: Unknown opcode R3, , expecting opcode or Macro
Search.asm(11): error: A1163E: Unknown opcode element_found , expecting opcode or Macro
Search.asm(12): error: A1163E: Unknown opcode R1, , expecting opcode or Macro
Search.asm(13): error: A1163E: Unknown opcode search_loop , expecting opcode or Macro
Search.asm(14): error: A1167E: Invalid line start 
Search.asm(15): error: A1163E: Unknown opcode R4, , expecting opcode or Macro
Search.asm(16): error: A1163E: Unknown opcode end_search , expecting opcode or Macro
Search.asm(17): error: A1167E: Invalid line start 
Search.asm(18): error: A1163E: Unknown opcode R0, , expecting opcode or Macro
Search.asm(21): error: A1163E: Unknown opcode DATA, , expecting opcode or Macro
Search.asm(25): warning: A1447W: Missing END directive at end of file, but found a label named END
".\Search.axf" - 17 Error(s), 1 Warning(s).
Target not created
